Flutter crash report.
Please report a bug at https://github.com/flutter/flutter/issues.

## command

flutter run --machine --start-paused -d chrome --devtools-server-address http://127.0.0.1:9100/ --target E:\Mobile Programming 1\stuntingapp\lib\main.dart

## exception

StateError: Bad state: Future already completed

```
#0      _AsyncCompleter.complete (dart:async/future_impl.dart:35:31)
#1      ChromeProxyService.createIsolate.<anonymous closure> (package:dwds/src/services/chrome_proxy_service.dart:260:25)
<asynchronous suspension>
```

## flutter doctor

```
[✓] Flutter (Channel master, 3.7.0-2.0.pre.9, on Microsoft Windows [Version 10.0.25236.1010], locale en-US)
    • Flutter version 3.7.0-2.0.pre.9 on channel master at D:\Aplikasi\flutter_windows_2.8.0-stable\flutter
    • Upstream repository https://github.com/flutter/flutter.git
    • Framework revision ce94230281 (6 days ago), 2022-12-01 19:13:07 -0800
    • Engine revision 025aefc7af
    • Dart version 2.19.0 (build 2.19.0-444.0.dev)
    • DevTools version 2.20.0

[✓] Windows Version (Installed version of Windows is version 10 or higher)

[✓] Android toolchain - develop for Android devices (Android SDK version 32.1.0-rc1)
    • Android SDK at C:\Users\ASUS\AppData\Local\Android\sdk
    • Platform android-33, build-tools 32.1.0-rc1
    • Java binary at: C:\Program Files\Common Files\Oracle\Java\javapath\java.exe
    • Java version Java(TM) SE Runtime Environment (build 15+36-1562)
    • All Android licenses accepted.

[✓] Chrome - develop for the web
    • Chrome at C:\Program Files\Google\Chrome\Application\chrome.exe

[!] Visual Studio - develop for Windows (Visual Studio Community 2019 16.10.4)
    • Visual Studio at C:\Program Files (x86)\Microsoft Visual Studio\2019\Community
    • Visual Studio Community 2019 version 16.10.31515.178
    • Windows 10 SDK version 10.0.16299.0
    ✗ Visual Studio is missing necessary components. Please re-run the Visual Studio installer for the "Desktop development with C++" workload, and include these components:
        MSVC v142 - VS 2019 C++ x64/x86 build tools
         - If there are multiple build tool versions available, install the latest
        C++ CMake tools for Windows
        Windows 10 SDK

[!] Android Studio (version 2020.3)
    • Android Studio at E:\Android Studio
    • Flutter plugin can be installed from:
      🔨 https://plugins.jetbrains.com/plugin/9212-flutter
    • Dart plugin can be installed from:
      🔨 https://plugins.jetbrains.com/plugin/6351-dart
    ✗ Unable to determine bundled Java version.
    • Try updating or re-installing Android Studio.

[✓] VS Code (version 1.74.0)
    • VS Code at C:\Users\ASUS\AppData\Local\Programs\Microsoft VS Code
    • Flutter extension version 3.55.20221129

[✓] Connected device (2 available)
    • Chrome (web) • chrome • web-javascript • Google Chrome 108.0.5359.73
    • Edge (web)   • edge   • web-javascript • Microsoft Edge 107.0.1418.56

[✓] HTTP Host Availability
    • All required HTTP hosts are available

! Doctor found issues in 2 categories.
```
